Case 1: 1 3
Case 2: 2 3 4
Case 3: 0
Case 4: 2 3 4
Case 5: 5 1 2 4 7 9
Case 6: 2 2 4
Case 7: 4 2 6 7 8
Case 8: 25 6 7 10 11 12 13 14 16 18 19 20 21 22 23 24 25 27 29 32 34 37 38 40 48 50
Case 9: 1 1
Case 10: 24 2 3 5 6 10 11 12 13 16 17 18 19 23 24 25 26 32 37 39 42 43 45 46 50
Case 11: 26 3 5 6 10 11 13 15 16 17 20 22 24 26 31 34 35 36 37 38 39 41 43 46 47 48 49
Case 12: 20 1 2 3 6 10 12 13 14 16 23 25 32 34 35 36 40 43 46 48 50
Case 13: 17 1 2 6 10 11 12 13 14 17 19 24 35 40 44 45 49 50
Case 14: 26 4 9 10 12 13 14 18 21 22 25 26 27 28 30 31 32 33 34 39 40 41 42 45 46 47 48
Case 15: 30 1 2 3 5 6 7 8 10 12 14 16 18 19 21 23 24 26 29 30 32 35 37 40 41 42 44 45 46 47 50
Case 16: 27 2 4 7 8 9 12 14 15 16 17 19 21 22 27 28 29 30 32 34 35 36 37 39 45 46 49 50
Case 17: 25 2 4 7 8 9 10 12 16 21 22 24 26 27 28 29 32 35 37 38 39 40 44 47 48 50
Case 18: 26 3 9 10 13 14 15 16 17 18 22 24 26 27 28 29 31 32 34 36 37 39 40 46 47 48 49
Case 19: 22 1 4 7 9 10 11 14 16 20 24 25 26 27 31 36 38 39 40 41 45 47 48
Case 20: 2 3 4
Case 21: 1 2
Case 22: 0
Case 23: 0
Case 24: 0
Case 25: 0
Case 26: 3 7 8 9
Case 27: 0
Case 28: 0
Case 29: 0
Case 30: 0
Case 31: 0
Case 32: 0
Case 33: 0
Case 34: 0
Case 35: 0
Case 36: 36 1 4 5 6 7 9 12 13 14 15 16 17 18 20 22 27 28 29 30 31 32 33 34 36 37 38 39 40 41 42 43 44 45 46 49 50
Case 37: 0
Case 38: 2 3 4
Case 39: 0
Case 40: 0
Case 41: 0
Case 42: 0
Case 43: 20 2 5 10 11 13 15 16 18 22 25 28 29 31 33 36 38 44 48 49 50
Case 44: 0
Case 45: 0
Case 46: 0
Case 47: 34 1 2 3 4 5 6 7 8 11 12 13 15 18 19 20 23 24 27 28 30 32 33 35 37 38 40 42 43 44 45 46 47 48 49
Case 48: 0
Case 49: 0
Case 50: 4 2 6 7 8
Case 51: 0
Case 52: 0
Case 53: 0
Case 54: 0
Case 55: 0
Case 56: 1 3
Case 57: 2 2 4
Case 58: 25 6 7 10 11 12 13 14 16 18 19 20 21 22 23 24 25 27 29 32 34 37 38 40 48 50
Case 59: 2 1 4
Case 60: 2 1 2
Case 61: 13 1 2 4 5 6 7 9 10 11 12 14 17 18
Case 62: 2 3 4
Case 63: 1 1
Case 64: 3 3 4 5
Case 65: 0
Case 66: 0
Case 67: 0
Case 68: 0
Case 69: 0
Case 70: 0
Case 71: 0
Case 72: 2 1 2
Case 73: 0
Case 74: 0
Case 75: 0
Case 76: 0
