Case #1: i fiksed the chrome zeroks by the cyclical church
Case #2: i fiksed the chrome zeroks bi the ciclical church
Case #3: this is unchanged
Case #4: sk n z zskrks nchk sik zksesi
Case #5:  konkoktion konvalesense siklikal selo 
Case #6: a sli gipsi ieled loudli bi the gim iesterdai
Case #7: sk n z zskrks nchk sik zksesi
Case #8: sch kn x xschrx cknnchc cyck xxceci
Case #9: sch kn z zschrks cknnchc cyck zksceci
Case #10: sch kn z zschrks cknnchc cick zksceci
Case #11: sch kn z zschrks cknnchc sick zkssesi
Case #12: sch kn z zschrks knnchc sik zkssesi
Case #13: sk kn z zskrks knnchk sik zkssesi
Case #14: magik sirkus giraffes suffer dazzling performanses
Case #15: z
Case #16: n
Case #17: aabkdeefghiijkl
Case #18: mnoopqrstuuvwksksiiz
Case #19: the bookeeper rekaled rearanging the bookase
Case #20: karkas sirkus kaukus katchi katch chanse charisma
Case #21: chansellor chokolate chaotik kronologikal chukle
Case #22: church sirka sirkle sirkuit sirkumstanse kronikle
Case #23: sircumsise sircumferense cokroach clench chiken
Case #24: chaos choise character charade chasm chemical
Case #25: zilophone zenon zanthum eksklaim ekspert siouks
Case #26: scholar school schooner scholastic schwab
Case #27: sk
Case #28:  chandelier tom selok z zks k 
Case #29: kould mi mighti night alwais protekt kastles
Case #30: k z aaaaa
Case #31: kch
Case #32: abba
Case #33: aaaaaaaaaaaaaaaaaaaaaaaaaaaaaaaaaaaaaaaaaaaaaaaaaa
Case #34:  konkoktion konvalesense siklikal selo 
Case #35: k z aaaaa
Case #36: v
Case #37: z
Case #38: a b c d e
Case #39: sk n z zskrks nchk sik zksesi
Case #40: zoksoks
Case #41: kooc cooc cooc cooc cooc
Case #42: i fiksed the krome zeroks bi the siklikal church
Case #43:  concatenation cck
Case #44: sk kr zzbzzb aa bkkb zks sei kb si kr chk
Case #45: kook kook kook kook
Case #46: k
Case #47: zenon zenon
Case #48:  zks zks zksdksks knndsch sch schrrhc yiiyy knnsc 
Case #49: thsks zst sik tes ofk nkn zoop zoks sisi
Case #50: aaa iii eeknee
Case #51: zfdkjf zdksaks
Case #52: ch
