srilanka - America = 0
Indonesia - SEA = 2
Uzbekistan - America = 1
Kajakistan - Albenia = 2
Dhaka - INDiA = 1
Newyork - Fahim = 3
RonalDO - Neymar = 2
EXTRAORDINARY - Australia = 2
Science - Germany = 1
Elephant - tiger = 2
Dinajpur - Shakib = 0
Uzbekistan - Dinajpur = 1
Chittagong - Alaska = 2
Verginia - Sylhet = 3
Fahmida - Fahim = 1
Mahmudullah - Mahmud = 2
Cristiano - Zidane = 2
Bangladesh - Alaska = 3
MALLICK - B = 1
Fahmida - Tareq = 1
Big - BIG = 0
Prasanta - Bigboss = 3
COVERLETTER - virginia = 2
ELECTRICAL - OMAR = 2
SECOND - MINUTE = 1
Rajshahi - ANIK = 3
djbuti - HOUR = 2
Malaysia - America = 2
Chittagong - Alaska = 2
Prasanta - HOUR = 3
PATIYA - PATIYA = 0
Engineering - ELECTRONIC = 1
DIBYOJOUTI - Furious = 1
Generation - SOCIETY = 2
DEBJOUTI - Rajshahi = 2
Prasanta - Bowler = 3
virginia - America = 1
Mahmudullah - Mashrafee = 3
ELECTRONIC - Tareq = 2
Furious - Messi = 1
virginia - VIRGINIA = 0
ELECTRONIC - DIBYOJOUTI = 2
RonalDO - Messi = 1
virginia - Nepal = 3
ELECTRONIC - Masud = 2
Pathetic - America = 3
Dinajpur - OMAR = 1
BEACH - Big = 2
DIBYOJOUTI - Furious = 1
DIBYOJOUTI - ELECTRONIC = 2
FAHIM - Fahim = 0
MINUTE - OMAR = 1
FARUK - OMAR = 3
Marvelous - OMAR = 4
Kajakistan - paKistan = 2
Dinajpur - Bogura = 2
Generation - ELECTRICAL = 1
SOCIETY - Abir = 2
virginia - PITCH = 1
MINUTE - OMAR = 1
PROCCILIHILIPHILIFICATION - MINUTE = 0
Nepal - Abir = 4
Bogura - Rubel = 3
Cristiano - Newyork = 2
Mahmudullah - Usa = 2
Bigboss - Nepal = 3
Rajshahi - SOCIETY = 2
abcdefghijklmnopqrstuvwxyz - virginia = 3
abcdefghijklmnopqrstuvwxyzabcdefghijklmnopqrstuvwxyzabcdefghijklmnopqrstuvwxyzqwertyuioplkjhgfdsazx - OMAR = 3
AllRounder - Abir = 4
FOOTBALL - SEABEACH = 0
VOLEYBALL - djbuti = 1
Newyork - djbuti = 1
Shakib - Masud = 3
Bigboss - Rubel = 2
SOCIETY - Bowler = 3
Marvelous - Messi = 2
CRICKET - BEACH = 4
GREETINGS - Abir = 3
FARUK - BCS = 1
Marvelous - Rubel = 0
abcdefghijklmnopqrstuvwxyzabcdefghijklmnopqrstuvwxyzabcdefghijklmnopqrstuvwxyzqwertyuioplkjhgfdsazx - abcdefghijklmnopqrstuvwxyzabcdefghijklmnopqrstuvwxyzabcdefghijklmnopqrstuvwxyzqwertyuioplkjhgfdsazx = 0
