srilanka - America = 3
SEA - Indonesia = 2
America - Uzbekistan = 2
Kajakistan - Albenia = 1
Dhaka - INDiA = 3
Newyork - Fahim = 1
Neymar - RonalDO = 2
EXTRAORDINARY - Australia = 1
Science - Germany = 3
Elephant - tiger = 1
Shakib - Dinajpur = 2
Dinajpur - Uzbekistan = 1
Alaska - Chittagong = 1
Verginia - Sylhet = 2
Fahim - Fahmida = 1
Mahmudullah - Mahmud = 3
Zidane - Cristiano = 2
Alaska - Bangladesh = 3
B - MALLICK = 2
Tareq - Fahmida = 1
Big - BIG = 0
Bigboss - Prasanta = 0
COVERLETTER - virginia = 3
ELECTRICAL - OMAR = 3
SECOND - MINUTE = 3
ANIK - Rajshahi = 2
HOUR - djbuti = 3
Malaysia - America = 2
Chittagong - Alaska = 1
Prasanta - HOUR = 4
PATIYA - PATIYA = 0
Engineering - ELECTRONIC = 3
Furious - DIBYOJOUTI = 0
SOCIETY - Generation = 3
DEBJOUTI - Rajshahi = 3
Prasanta - Bowler = 1
virginia - America = 2
Mashrafee - Mahmudullah = 1
ELECTRONIC - Tareq = 1
Messi - Furious = 2
virginia - VIRGINIA = 0
ELECTRONIC - DIBYOJOUTI = 1
Messi - RonalDO = 0
virginia - Nepal = 3
ELECTRONIC - Masud = 1
Pathetic - America = 2
OMAR - Dinajpur = 1
BEACH - Big = 1
DIBYOJOUTI - Furious = 0
DIBYOJOUTI - ELECTRONIC = 1
FAHIM - Fahim = 0
OMAR - MINUTE = 2
OMAR - FARUK = 1
OMAR - Marvelous = 3
paKistan - Kajakistan = 2
Bogura - Dinajpur = 1
Generation - ELECTRICAL = 3
Abir - SOCIETY = 2
PITCH - virginia = 2
MINUTE - OMAR = 2
PROCCILIHILIPHILIFICATION - MINUTE = 1
Abir - Nepal = 0
Bogura - Rubel = 2
Cristiano - Newyork = 2
Usa - Mahmudullah = 0
Nepal - Bigboss = 1
Rajshahi - SOCIETY = 1
abcdefghijklmnopqrstuvwxyz - virginia = 1
abcdefghijklmnopqrstuvwxyzabcdefghijklmnopqrstuvwxyzabcdefghijklmnopqrstuvwxyzqwertyuioplkjhgfdsazx - OMAR = 3
AllRounder - Abir = 2
FOOTBALL - SEABEACH = 0
VOLEYBALL - djbuti = 1
djbuti - Newyork = 0
Masud - Shakib = 1
Rubel - Bigboss = 2
Bowler - SOCIETY = 2
Marvelous - Messi = 1
CRICKET - BEACH = 1
GREETINGS - Abir = 1
BCS - FARUK = 2
Marvelous - Rubel = 3
abcdefghijklmnopqrstuvwxyzabcdefghijklmnopqrstuvwxyzabcdefghijklmnopqrstuvwxyzqwertyuioplkjhgfdsazx - abcdefghijklmnopqrstuvwxyzabcdefghijklmnopqrstuvwxyzabcdefghijklmnopqrstuvwxyzqwertyuioplkjhgfdsazx = 0
